<?xml version="1.0" encoding="UTF-8"?>
<testsuite xmlns:xsi="http://www.w3.org/2001/XMLSchema-instance" xsi:noNamespaceSchemaLocation="https://maven.apache.org/surefire/maven-surefire-plugin/xsd/surefire-test-report-3.0.xsd" version="3.0" name="com.studely.gameoflife.GridTest" time="0.106" tests="10" errors="0" skipped="0" failures="0">
  <properties>
    <property name="java.specification.version" value="21"/>
    <property name="sun.cpu.isalist" value="amd64"/>
    <property name="sun.jnu.encoding" value="Cp1252"/>
    <property name="java.class.path" value="C:\Fwc\Work\studeley\The Game  of life\studely-game-of-life\target\test-classes;C:\Fwc\Work\studeley\The Game  of life\studely-game-of-life\target\classes;C:\Users\HP ZOOK\.m2\repository\org\junit\jupiter\junit-jupiter\5.9.2\junit-jupiter-5.9.2.jar;C:\Users\HP ZOOK\.m2\repository\org\junit\jupiter\junit-jupiter-api\5.9.2\junit-jupiter-api-5.9.2.jar;C:\Users\HP ZOOK\.m2\repository\org\opentest4j\opentest4j\1.2.0\opentest4j-1.2.0.jar;C:\Users\HP ZOOK\.m2\repository\org\junit\platform\junit-platform-commons\1.9.2\junit-platform-commons-1.9.2.jar;C:\Users\HP ZOOK\.m2\repository\org\apiguardian\apiguardian-api\1.1.2\apiguardian-api-1.1.2.jar;C:\Users\HP ZOOK\.m2\repository\org\junit\jupiter\junit-jupiter-params\5.9.2\junit-jupiter-params-5.9.2.jar;C:\Users\HP ZOOK\.m2\repository\org\junit\jupiter\junit-jupiter-engine\5.9.2\junit-jupiter-engine-5.9.2.jar;C:\Users\HP ZOOK\.m2\repository\org\junit\platform\junit-platform-engine\1.9.2\junit-platform-engine-1.9.2.jar;"/>
    <property name="java.vm.vendor" value="Eclipse Adoptium"/>
    <property name="sun.arch.data.model" value="64"/>
    <property name="user.variant" value=""/>
    <property name="java.vendor.url" value="https://adoptium.net/"/>
    <property name="user.timezone" value="Africa/Douala"/>
    <property name="user.country.format" value="CM"/>
    <property name="os.name" value="Windows 10"/>
    <property name="java.vm.specification.version" value="21"/>
    <property name="sun.java.launcher" value="SUN_STANDARD"/>
    <property name="user.country" value="US"/>
    <property name="sun.boot.library.path" value="C:\Program Files\Eclipse Adoptium\jdk-21.0.8.9-hotspot\bin"/>
    <property name="sun.java.command" value="C:\Users\HP ZOOK\AppData\Local\Temp\surefire4587386125277343861\surefirebooter-20250828150100330_3.jar C:\Users\HP ZOOK\AppData\Local\Temp\surefire4587386125277343861 2025-08-28T15-01-00_111-jvmRun1 surefire-20250828150100330_1tmp surefire_0-20250828150100330_2tmp"/>
    <property name="jdk.debug" value="release"/>
    <property name="surefire.test.class.path" value="C:\Fwc\Work\studeley\The Game  of life\studely-game-of-life\target\test-classes;C:\Fwc\Work\studeley\The Game  of life\studely-game-of-life\target\classes;C:\Users\HP ZOOK\.m2\repository\org\junit\jupiter\junit-jupiter\5.9.2\junit-jupiter-5.9.2.jar;C:\Users\HP ZOOK\.m2\repository\org\junit\jupiter\junit-jupiter-api\5.9.2\junit-jupiter-api-5.9.2.jar;C:\Users\HP ZOOK\.m2\repository\org\opentest4j\opentest4j\1.2.0\opentest4j-1.2.0.jar;C:\Users\HP ZOOK\.m2\repository\org\junit\platform\junit-platform-commons\1.9.2\junit-platform-commons-1.9.2.jar;C:\Users\HP ZOOK\.m2\repository\org\apiguardian\apiguardian-api\1.1.2\apiguardian-api-1.1.2.jar;C:\Users\HP ZOOK\.m2\repository\org\junit\jupiter\junit-jupiter-params\5.9.2\junit-jupiter-params-5.9.2.jar;C:\Users\HP ZOOK\.m2\repository\org\junit\jupiter\junit-jupiter-engine\5.9.2\junit-jupiter-engine-5.9.2.jar;C:\Users\HP ZOOK\.m2\repository\org\junit\platform\junit-platform-engine\1.9.2\junit-platform-engine-1.9.2.jar;"/>
    <property name="sun.cpu.endian" value="little"/>
    <property name="user.home" value="C:\Users\HP ZOOK"/>
    <property name="user.language" value="en"/>
    <property name="java.specification.vendor" value="Oracle Corporation"/>
    <property name="java.version.date" value="2025-07-15"/>
    <property name="java.home" value="C:\Program Files\Eclipse Adoptium\jdk-21.0.8.9-hotspot"/>
    <property name="file.separator" value="\"/>
    <property name="basedir" value="C:\Fwc\Work\studeley\The Game  of life\studely-game-of-life"/>
    <property name="java.vm.compressedOopsMode" value="Zero based"/>
    <property name="line.separator" value="&#10;"/>
    <property name="java.vm.specification.vendor" value="Oracle Corporation"/>
    <property name="java.specification.name" value="Java Platform API Specification"/>
    <property name="surefire.real.class.path" value="C:\Users\HP ZOOK\AppData\Local\Temp\surefire4587386125277343861\surefirebooter-20250828150100330_3.jar"/>
    <property name="user.script" value=""/>
    <property name="sun.management.compiler" value="HotSpot 64-Bit Tiered Compilers"/>
    <property name="java.runtime.version" value="21.0.8+9-LTS"/>
    <property name="user.name" value="Fokou"/>
    <property name="stdout.encoding" value="Cp1252"/>
    <property name="path.separator" value=";"/>
    <property name="os.version" value="10.0"/>
    <property name="java.runtime.name" value="OpenJDK Runtime Environment"/>
    <property name="file.encoding" value="UTF-8"/>
    <property name="java.vm.name" value="OpenJDK 64-Bit Server VM"/>
    <property name="java.vendor.version" value="Temurin-21.0.8+9"/>
    <property name="localRepository" value="C:\Users\HP ZOOK\.m2\repository"/>
    <property name="java.vendor.url.bug" value="https://github.com/adoptium/adoptium-support/issues"/>
    <property name="java.io.tmpdir" value="C:\Users\HPZOOK~1\AppData\Local\Temp\"/>
    <property name="java.version" value="21.0.8"/>
    <property name="user.dir" value="C:\Fwc\Work\studeley\The Game  of life\studely-game-of-life"/>
    <property name="os.arch" value="amd64"/>
    <property name="java.vm.specification.name" value="Java Virtual Machine Specification"/>
    <property name="sun.os.patch.level" value=""/>
    <property name="native.encoding" value="Cp1252"/>
    <property name="java.library.path" value="C:\Program Files\Eclipse Adoptium\jdk-21.0.8.9-hotspot\bin;C:\Windows\Sun\Java\bin;C:\Windows\system32;C:\Windows;C:\Program Files\Eclipse Adoptium\jdk-21.0.8.9-hotspot\bin;C:\Python313\Scripts\;C:\Python313\;c:\Users\HP ZOOK\AppData\Local\Programs\cursor\resources\app\bin;C:\Windows\system32;C:\Windows;C:\Windows\System32\Wbem;C:\Windows\System32\WindowsPowerShell\v1.0\;C:\Windows\System32\OpenSSH\;C:\Users\HP ZOOK\AppData\Local\Microsoft\WindowsApps;c:\Users\HP ZOOK\AppData\Local\Programs\cursor\resources\app\bin;c:\Users\HP ZOOK\AppData\Local\Programs\cursor\resources\app\bin;C:\Program Files\Git\cmd;C:\xampp\php;C:\ProgramData\ComposerSetup\bin;C:\ProgramData\chocolatey\bin;C:\Program Files\CMake\bin;C:\Program Files\nodejs\;C:\ProgramData\chocolatey\lib\maven\apache-maven-3.9.11\bin;C:\Users\HP ZOOK\AppData\Local\Microsoft\WindowsApps;C:\Users\HP ZOOK\AppData\Local\Programs\Microsoft VS Code\bin;C:\Users\HP ZOOK\AppData\Local\Programs\cursor\resources\app\bin;C:\Users\HP ZOOK\AppData\Roaming\Composer\vendor\bin;C:\Users\HP ZOOK\AppData\Roaming\npm;."/>
    <property name="java.vm.info" value="mixed mode, sharing"/>
    <property name="stderr.encoding" value="Cp1252"/>
    <property name="java.vendor" value="Eclipse Adoptium"/>
    <property name="java.vm.version" value="21.0.8+9-LTS"/>
    <property name="sun.io.unicode.encoding" value="UnicodeLittle"/>
    <property name="java.class.version" value="65.0"/>
  </properties>
  <testcase name="testInvalidPatternConstructor" classname="com.studely.gameoflife.GridTest" time="0.049"/>
  <testcase name="testNeighborCounting" classname="com.studely.gameoflife.GridTest" time="0.011">
    <system-out><![CDATA[Cell (1,1) neighbors: 1
Cell (1,2) neighbors: 2
Cell (1,3) neighbors: 1
]]></system-out>
  </testcase>
  <testcase name="testGridEquality" classname="com.studely.gameoflife.GridTest" time="0.004"/>
  <testcase name="testStillLifePattern" classname="com.studely.gameoflife.GridTest" time="0.001"/>
  <testcase name="testDefaultPattern" classname="com.studely.gameoflife.GridTest" time="0.002"/>
  <testcase name="testBlinkerPattern" classname="com.studely.gameoflife.GridTest" time="0.001"/>
  <testcase name="testCellSetting" classname="com.studely.gameoflife.GridTest" time="0"/>
  <testcase name="testCustomPatternConstructor" classname="com.studely.gameoflife.GridTest" time="0.001"/>
  <testcase name="testBoundaryConditions" classname="com.studely.gameoflife.GridTest" time="0.002"/>
  <testcase name="testGridSize" classname="com.studely.gameoflife.GridTest" time="0"/>
</testsuite>